<?xml version="1.0" encoding="UTF-8"?>
<testng-results ignored="0" total="2" passed="2" failed="0" skipped="0">
  <reporter-output>
  </reporter-output>
  <suite started-at="2022-05-22T01:34:33 IST" name="Default suite" finished-at="2022-05-22T01:34:53 IST" duration-ms="19217">
    <groups>
      <group name="cucumber">
        <method signature="AbstractTestNGCucumberTests.runScenario(io.cucumber.testng.PickleWrapper,io.cucumber.testng.FeatureWrapper)[pri:0, instance:cucumberOptions.TestngTestRunner@645aa696]" name="runScenario" class="io.cucumber.testng.AbstractTestNGCucumberTests"/>
      </group> <!-- cucumber -->
    </groups>
    <test started-at="2022-05-22T01:34:33 IST" name="Default test" finished-at="2022-05-22T01:34:53 IST" duration-ms="19217">
      <class name="cucumberOptions.TestngTestRunner">
        <test-method is-config="true" signature="setUpClass(org.testng.ITestContext)[pri:0, instance:cucumberOptions.TestngTestRunner@645aa696]" started-at="2022-05-22T01:34:33 IST" name="setUpClass" finished-at="2022-05-22T01:34:35 IST" duration-ms="1789" status="PASS">
          <params>
            <param index="0">
              <value>
                <![CDATA[org.testng.TestRunner@7f8c48f3]]>
              </value>
            </param>
          </params>
          <reporter-output>
          </reporter-output>
        </test-method> <!-- setUpClass -->
        <test-method signature="runScenario(io.cucumber.testng.PickleWrapper,io.cucumber.testng.FeatureWrapper)[pri:0, instance:cucumberOptions.TestngTestRunner@645aa696]" started-at="2022-05-22T01:34:35 IST" name="runScenario" description="Runs Cucumber Scenarios" data-provider="scenarios" finished-at="2022-05-22T01:34:45 IST" duration-ms="9733" status="PASS">
          <params>
            <param index="0">
              <value>
                <![CDATA["to enter multiple data"]]>
              </value>
            </param>
            <param index="1">
              <value>
                <![CDATA["Bcakground usage"]]>
              </value>
            </param>
          </params>
          <reporter-output>
          </reporter-output>
        </test-method> <!-- runScenario -->
        <test-method signature="runScenario(io.cucumber.testng.PickleWrapper,io.cucumber.testng.FeatureWrapper)[pri:0, instance:cucumberOptions.TestngTestRunner@645aa696]" started-at="2022-05-22T01:34:45 IST" name="runScenario" description="Runs Cucumber Scenarios" data-provider="scenarios" finished-at="2022-05-22T01:34:52 IST" duration-ms="6863" status="PASS">
          <params>
            <param index="0">
              <value>
                <![CDATA["to enter multiple data"]]>
              </value>
            </param>
            <param index="1">
              <value>
                <![CDATA["Bcakground usage"]]>
              </value>
            </param>
          </params>
          <reporter-output>
          </reporter-output>
        </test-method> <!-- runScenario -->
        <test-method is-config="true" signature="tearDownClass()[pri:0, instance:cucumberOptions.TestngTestRunner@645aa696]" started-at="2022-05-22T01:34:52 IST" name="tearDownClass" finished-at="2022-05-22T01:34:53 IST" duration-ms="743" status="PASS">
          <reporter-output>
          </reporter-output>
        </test-method> <!-- tearDownClass -->
      </class> <!-- cucumberOptions.TestngTestRunner -->
    </test> <!-- Default test -->
  </suite> <!-- Default suite -->
</testng-results>
